<?xml version="1.0" encoding="UTF-8"?>
<!-- Generated by org.testng.reporters.JUnitXMLReporter -->
<testsuite ignored="0" hostname="Reginas-MBP.local.tld" failures="2" tests="7" name="Command line test" time="50.787" errors="0" timestamp="2022-05-22T15:58:39 CDT">
  <testcase classname="scripts._03_EtsyTest" name="testEtsyLogo" time="0.826"/>
  <testcase classname="scripts._03_EtsyTest" name="testEtsySearch" time="0.822"/>
  <testcase classname="scripts._03_EtsyTest" name="testEtsySearchResult" time="2.44"/>
  <testcase classname="scripts._02_TechGlobalTest" name="testApplicationFormHeading" time="30.723">
    <failure type="org.openqa.selenium.NoSuchElementException" message="Unable to locate element: #comp-kh9s3kyz3 span span
For documentation on this error, please visit: https://www.seleniumhq.org/exceptions/no_such_element.html
Build info: version: &amp;apos;3.141.59&amp;apos;, revision: &amp;apos;e82be7d358&amp;apos;, time: &amp;apos;2018-11-14T08:17:03&amp;apos;
System info: host: &amp;apos;Reginas-MBP.local.tld&amp;apos;, ip: &amp;apos;fe80:0:0:0:4cc:ab87:dbe1:8173%en0&amp;apos;, os.name: &amp;apos;Mac OS X&amp;apos;, os.arch: &amp;apos;aarch64&amp;apos;, os.version: &amp;apos;12.2&amp;apos;, java.version: &amp;apos;18.0.1&amp;apos;
Driver info: org.openqa.selenium.firefox.FirefoxDriver
Capabilities {acceptInsecureCerts: true, browserName: firefox, browserVersion: 100.0.2, javascriptEnabled: true, moz:accessibilityChecks: false, moz:buildID: 20220519220738, moz:geckodriverVersion: 0.31.0, moz:headless: false, moz:processID: 20450, moz:profile: /var/folders/52/qhwbj7gn7y7..., moz:shutdownTimeout: 60000, moz:useNonSpecCompliantPointerOrigin: false, moz:webdriverClick: true, pageLoadStrategy: normal, platform: MAC, platformName: MAC, platformVersion: 21.3.0, proxy: Proxy(), setWindowRect: true, strictFileInteractability: false, timeouts: {implicit: 0, pageLoad: 300000, script: 30000}, unhandledPromptBehavior: dismiss and notify}
Session ID: 13ffdcb3-1edc-48ea-9f1c-3e5077cd9ddb
*** Element info: {Using=css selector, value=#comp-kh9s3kyz3 span span}">
      <![CDATA[org.openqa.selenium.NoSuchElementException: Unable to locate element: #comp-kh9s3kyz3 span span
For documentation on this error, please visit: https://www.seleniumhq.org/exceptions/no_such_element.html
Build info: version: '3.141.59', revision: 'e82be7d358', time: '2018-11-14T08:17:03'
System info: host: 'Reginas-MBP.local.tld', ip: 'fe80:0:0:0:4cc:ab87:dbe1:8173%en0', os.name: 'Mac OS X', os.arch: 'aarch64', os.version: '12.2', java.version: '18.0.1'
Driver info: org.openqa.selenium.firefox.FirefoxDriver
Capabilities {acceptInsecureCerts: true, browserName: firefox, browserVersion: 100.0.2, javascriptEnabled: true, moz:accessibilityChecks: false, moz:buildID: 20220519220738, moz:geckodriverVersion: 0.31.0, moz:headless: false, moz:processID: 20450, moz:profile: /var/folders/52/qhwbj7gn7y7..., moz:shutdownTimeout: 60000, moz:useNonSpecCompliantPointerOrigin: false, moz:webdriverClick: true, pageLoadStrategy: normal, platform: MAC, platformName: MAC, platformVersion: 21.3.0, proxy: Proxy(), setWindowRect: true, strictFileInteractability: false, timeouts: {implicit: 0, pageLoad: 300000, script: 30000}, unhandledPromptBehavior: dismiss and notify}
Session ID: 13ffdcb3-1edc-48ea-9f1c-3e5077cd9ddb
*** Element info: {Using=css selector, value=#comp-kh9s3kyz3 span span}
at org.openqa.selenium.remote.http.W3CHttpResponseCodec.createException(W3CHttpResponseCodec.java:187)
at org.openqa.selenium.remote.http.W3CHttpResponseCodec.decode(W3CHttpResponseCodec.java:122)
at org.openqa.selenium.remote.http.W3CHttpResponseCodec.decode(W3CHttpResponseCodec.java:49)
at org.openqa.selenium.remote.HttpCommandExecutor.execute(HttpCommandExecutor.java:158)
at org.openqa.selenium.remote.service.DriverCommandExecutor.execute(DriverCommandExecutor.java:83)
at org.openqa.selenium.remote.RemoteWebDriver.execute(RemoteWebDriver.java:552)
at org.openqa.selenium.remote.RemoteWebDriver.findElement(RemoteWebDriver.java:323)
at org.openqa.selenium.remote.RemoteWebDriver.findElementByCssSelector(RemoteWebDriver.java:420)
at org.openqa.selenium.By$ByCssSelector.findElement(By.java:431)
at org.openqa.selenium.remote.RemoteWebDriver.findElement(RemoteWebDriver.java:315)
at scripts._02_TechGlobalTest.testApplicationFormHeading(_02_TechGlobalTest.java:16)
at java.base/java.util.ArrayList.forEach(ArrayList.java:1511)
... Removed 36 stack frames]]>
    </failure>
  </testcase> <!-- testApplicationFormHeading -->
  <testcase classname="scripts._01_AppleTest" name="X" time="0.0">
    <failure type="java.lang.AssertionError" message="Failure on purpose">
      <![CDATA[java.lang.AssertionError: Failure on purpose
at scripts._01_AppleTest.X(_01_AppleTest.java:39)
at java.base/java.util.ArrayList.forEach(ArrayList.java:1511)
... Removed 34 stack frames]]>
    </failure>
  </testcase> <!-- X -->
  <testcase classname="scripts._01_AppleTest" name="testAppleTitle" time="0.856"/>
  <testcase classname="scripts._01_AppleTest" name="testAppleURL" time="1.033"/>
</testsuite> <!-- Command line test -->
