-------------------------------------------------------------------------------
Test set: TestSuite
-------------------------------------------------------------------------------
Tests run: 6, Failures: 1, Errors: 0, Skipped: 0, Time elapsed: 19.8 sec <<< FAILURE! - in TestSuite
testGoogleStoreLink(scripts._04_GoogleSearchTest)  Time elapsed: 0.859 sec  <<< FAILURE!
java.lang.NullPointerException: Cannot invoke "org.openqa.selenium.WebElement.isDisplayed()" because "element" is null
	at scripts._04_GoogleSearchTest.testGoogleStoreLink(_04_GoogleSearchTest.java:34)

