<?xml version="1.0" encoding="UTF-8"?>
<testng-results ignored="5" total="13" passed="7" failed="1" skipped="0">
  <reporter-output>
  </reporter-output>
  <suite started-at="2022-06-02T19:36:36 CDT" name="Regression" finished-at="2022-06-02T19:37:47 CDT" duration-ms="70608">
    <groups>
    </groups>
    <test started-at="2022-06-02T19:36:36 CDT" name="Non Critical Functionalities" finished-at="2022-06-02T19:37:47 CDT" duration-ms="70608">
      <class name="scripts._03_EtsyTest">
        <test-method is-config="true" signature="setup()[pri:0, instance:scripts._03_EtsyTest@35a50a4c]" started-at="2022-06-02T19:36:39 CDT" name="setup" finished-at="2022-06-02T19:36:40 CDT" duration-ms="1058" status="PASS">
          <reporter-output>
          </reporter-output>
        </test-method> <!-- setup -->
        <test-method signature="testMainHeader()[pri:4, instance:scripts._03_EtsyTest@35a50a4c]" started-at="2022-06-02T19:36:40 CDT" name="testMainHeader" description="TC905: Validate Etsy main header" finished-at="2022-06-02T19:36:43 CDT" duration-ms="2561" status="PASS">
          <reporter-output>
          </reporter-output>
        </test-method> <!-- testMainHeader -->
        <test-method is-config="true" signature="teardown()[pri:0, instance:scripts._03_EtsyTest@35a50a4c]" started-at="2022-06-02T19:36:43 CDT" name="teardown" finished-at="2022-06-02T19:36:43 CDT" duration-ms="126" status="PASS">
          <reporter-output>
          </reporter-output>
        </test-method> <!-- teardown -->
      </class> <!-- scripts._03_EtsyTest -->
      <class name="scripts._07_DropDownTest">
        <test-method is-config="true" signature="setup()[pri:0, instance:scripts._07_DropDownTest@4516af24]" started-at="2022-06-02T19:37:06 CDT" name="setup" finished-at="2022-06-02T19:37:07 CDT" duration-ms="988" status="PASS">
          <reporter-output>
          </reporter-output>
        </test-method> <!-- setup -->
        <test-method signature="testUnsecurePasswordMessage()[pri:1, instance:scripts._07_DropDownTest@4516af24]" started-at="2022-06-02T19:37:07 CDT" name="testUnsecurePasswordMessage" description="TC763 Validate Facebook Sign In error message for password" finished-at="2022-06-02T19:37:12 CDT" duration-ms="4968" status="PASS">
          <reporter-output>
          </reporter-output>
        </test-method> <!-- testUnsecurePasswordMessage -->
        <test-method is-config="true" signature="teardown()[pri:0, instance:scripts._07_DropDownTest@4516af24]" started-at="2022-06-02T19:37:12 CDT" name="teardown" finished-at="2022-06-02T19:37:12 CDT" duration-ms="99" status="PASS">
          <reporter-output>
          </reporter-output>
        </test-method> <!-- teardown -->
        <test-method is-config="true" signature="setup()[pri:0, instance:scripts._07_DropDownTest@4516af24]" started-at="2022-06-02T19:37:12 CDT" name="setup" finished-at="2022-06-02T19:37:14 CDT" duration-ms="1048" status="PASS">
          <reporter-output>
          </reporter-output>
        </test-method> <!-- setup -->
        <test-method signature="testExpediaDropdown()[pri:2, instance:scripts._07_DropDownTest@4516af24]" started-at="2022-06-02T19:37:14 CDT" name="testExpediaDropdown" description="TC578: Validate Expedia dropdowns" finished-at="2022-06-02T19:37:46 CDT" duration-ms="32190" status="FAIL">
          <exception class="org.openqa.selenium.StaleElementReferenceException">
            <message>
              <![CDATA[stale element reference: element is not attached to the page document
  (Session info: chrome=102.0.5005.61)
For documentation on this error, please visit: https://www.seleniumhq.org/exceptions/stale_element_reference.html
Build info: version: '3.141.59', revision: 'e82be7d358', time: '2018-11-14T08:17:03'
System info: host: 'Reginas-MBP.local.tld', ip: 'fe80:0:0:0:80d:8cd7:11b5:24ef%en0', os.name: 'Mac OS X', os.arch: 'aarch64', os.version: '12.2', java.version: '18.0.1'
Driver info: org.openqa.selenium.chrome.ChromeDriver
Capabilities {acceptInsecureCerts: false, browserName: chrome, browserVersion: 102.0.5005.61, chrome: {chromedriverVersion: 102.0.5005.61 (0e59bcc00cc4..., userDataDir: /var/folders/52/qhwbj7gn7y7...}, goog:chromeOptions: {debuggerAddress: localhost:57033}, javascriptEnabled: true, networkConnectionEnabled: false, pageLoadStrategy: normal, platform: MAC, platformName: MAC, proxy: Proxy(), setWindowRect: true, strictFileInteractability: false, timeouts: {implicit: 0, pageLoad: 300000, script: 30000}, unhandledPromptBehavior: dismiss and notify, webauthn:extension:credBlob: true, webauthn:extension:largeBlob: true, webauthn:virtualAuthenticators: true}
Session ID: 2a64837859cd2d0c347f7b1c1801dbb8]]>
            </message>
            <full-stacktrace>
              <![CDATA[org.openqa.selenium.StaleElementReferenceException: stale element reference: element is not attached to the page document
  (Session info: chrome=102.0.5005.61)
For documentation on this error, please visit: https://www.seleniumhq.org/exceptions/stale_element_reference.html
Build info: version: '3.141.59', revision: 'e82be7d358', time: '2018-11-14T08:17:03'
System info: host: 'Reginas-MBP.local.tld', ip: 'fe80:0:0:0:80d:8cd7:11b5:24ef%en0', os.name: 'Mac OS X', os.arch: 'aarch64', os.version: '12.2', java.version: '18.0.1'
Driver info: org.openqa.selenium.chrome.ChromeDriver
Capabilities {acceptInsecureCerts: false, browserName: chrome, browserVersion: 102.0.5005.61, chrome: {chromedriverVersion: 102.0.5005.61 (0e59bcc00cc4..., userDataDir: /var/folders/52/qhwbj7gn7y7...}, goog:chromeOptions: {debuggerAddress: localhost:57033}, javascriptEnabled: true, networkConnectionEnabled: false, pageLoadStrategy: normal, platform: MAC, platformName: MAC, proxy: Proxy(), setWindowRect: true, strictFileInteractability: false, timeouts: {implicit: 0, pageLoad: 300000, script: 30000}, unhandledPromptBehavior: dismiss and notify, webauthn:extension:credBlob: true, webauthn:extension:largeBlob: true, webauthn:virtualAuthenticators: true}
Session ID: 2a64837859cd2d0c347f7b1c1801dbb8
at java.base/jdk.internal.reflect.DirectConstructorHandleAccessor.newInstance(DirectConstructorHandleAccessor.java:67)
at java.base/java.lang.reflect.Constructor.newInstanceWithCaller(Constructor.java:499)
at java.base/java.lang.reflect.Constructor.newInstance(Constructor.java:483)
at org.openqa.selenium.remote.http.W3CHttpResponseCodec.createException(W3CHttpResponseCodec.java:187)
at org.openqa.selenium.remote.http.W3CHttpResponseCodec.decode(W3CHttpResponseCodec.java:122)
at org.openqa.selenium.remote.http.W3CHttpResponseCodec.decode(W3CHttpResponseCodec.java:49)
at org.openqa.selenium.remote.HttpCommandExecutor.execute(HttpCommandExecutor.java:158)
at org.openqa.selenium.remote.service.DriverCommandExecutor.execute(DriverCommandExecutor.java:83)
at org.openqa.selenium.remote.RemoteWebDriver.execute(RemoteWebDriver.java:552)
at org.openqa.selenium.remote.RemoteWebElement.execute(RemoteWebElement.java:285)
at org.openqa.selenium.remote.RemoteWebElement.click(RemoteWebElement.java:84)
at java.base/jdk.internal.reflect.DirectMethodHandleAccessor.invoke(DirectMethodHandleAccessor.java:104)
at java.base/java.lang.reflect.Method.invoke(Method.java:577)
at org.openqa.selenium.support.pagefactory.internal.LocatingElementHandler.invoke(LocatingElementHandler.java:51)
at jdk.proxy2/jdk.proxy2.$Proxy9.click(Unknown Source)
at scripts._07_DropDownTest.testExpediaDropdown(_07_DropDownTest.java:78)
at java.base/jdk.internal.reflect.DirectMethodHandleAccessor.invoke(DirectMethodHandleAccessor.java:104)
at java.base/java.lang.reflect.Method.invoke(Method.java:577)
at org.testng.internal.MethodInvocationHelper.invokeMethod(MethodInvocationHelper.java:134)
at org.testng.internal.TestInvoker.invokeMethod(TestInvoker.java:597)
at org.testng.internal.TestInvoker.invokeTestMethod(TestInvoker.java:173)
at org.testng.internal.MethodRunner.runInSequence(MethodRunner.java:46)
at org.testng.internal.TestInvoker$MethodInvocationAgent.invoke(TestInvoker.java:816)
at org.testng.internal.TestInvoker.invokeTestMethods(TestInvoker.java:146)
at org.testng.internal.TestMethodWorker.invokeTestMethods(TestMethodWorker.java:146)
at org.testng.internal.TestMethodWorker.run(TestMethodWorker.java:128)
at java.base/java.util.ArrayList.forEach(ArrayList.java:1511)
at org.testng.TestRunner.privateRun(TestRunner.java:766)
at org.testng.TestRunner.run(TestRunner.java:587)
at org.testng.SuiteRunner.runTest(SuiteRunner.java:384)
at org.testng.SuiteRunner.runSequentially(SuiteRunner.java:378)
at org.testng.SuiteRunner.privateRun(SuiteRunner.java:337)
at org.testng.SuiteRunner.run(SuiteRunner.java:286)
at org.testng.SuiteRunnerWorker.runSuite(SuiteRunnerWorker.java:53)
at org.testng.SuiteRunnerWorker.run(SuiteRunnerWorker.java:96)
at org.testng.TestNG.runSuitesSequentially(TestNG.java:1187)
at org.testng.TestNG.runSuitesLocally(TestNG.java:1109)
at org.testng.TestNG.runSuites(TestNG.java:1039)
at org.testng.TestNG.run(TestNG.java:1007)
at org.apache.maven.surefire.testng.TestNGExecutor.run(TestNGExecutor.java:281)
at org.apache.maven.surefire.testng.TestNGXmlTestSuite.execute(TestNGXmlTestSuite.java:75)
at org.apache.maven.surefire.testng.TestNGProvider.invoke(TestNGProvider.java:121)
at org.apache.maven.surefire.booter.ForkedBooter.invokeProviderInSameClassLoader(ForkedBooter.java:290)
at org.apache.maven.surefire.booter.ForkedBooter.runSuitesInProcess(ForkedBooter.java:242)
at org.apache.maven.surefire.booter.ForkedBooter.main(ForkedBooter.java:121)
]]>
            </full-stacktrace>
          </exception> <!-- org.openqa.selenium.StaleElementReferenceException -->
          <reporter-output>
          </reporter-output>
        </test-method> <!-- testExpediaDropdown -->
        <test-method is-config="true" signature="teardown()[pri:0, instance:scripts._07_DropDownTest@4516af24]" started-at="2022-06-02T19:37:46 CDT" name="teardown" finished-at="2022-06-02T19:37:46 CDT" duration-ms="180" status="PASS">
          <reporter-output>
          </reporter-output>
        </test-method> <!-- teardown -->
        <test-method is-config="true" signature="setup()[pri:0, instance:scripts._07_DropDownTest@4516af24]" started-at="2022-06-02T19:37:46 CDT" name="setup" finished-at="2022-06-02T19:37:47 CDT" duration-ms="1076" status="PASS">
          <reporter-output>
          </reporter-output>
        </test-method> <!-- setup -->
        <test-method signature="testEbayDropdown()[pri:3, instance:scripts._07_DropDownTest@4516af24]" started-at="2022-06-02T19:37:47 CDT" name="testEbayDropdown" description="TC6565: test shop by button" finished-at="2022-06-02T19:37:47 CDT" duration-ms="0" status="PASS">
          <reporter-output>
          </reporter-output>
        </test-method> <!-- testEbayDropdown -->
        <test-method is-config="true" signature="teardown()[pri:0, instance:scripts._07_DropDownTest@4516af24]" started-at="2022-06-02T19:37:47 CDT" name="teardown" finished-at="2022-06-02T19:37:47 CDT" duration-ms="104" status="PASS">
          <reporter-output>
          </reporter-output>
        </test-method> <!-- teardown -->
      </class> <!-- scripts._07_DropDownTest -->
      <class name="scripts._06_RadioButtonTest">
        <test-method is-config="true" signature="setup()[pri:0, instance:scripts._06_RadioButtonTest@587c290d]" started-at="2022-06-02T19:36:58 CDT" name="setup" finished-at="2022-06-02T19:36:59 CDT" duration-ms="991" status="PASS">
          <reporter-output>
          </reporter-output>
        </test-method> <!-- setup -->
        <test-method signature="TestFacebookGenderRadioButtons()[pri:1, instance:scripts._06_RadioButtonTest@587c290d]" started-at="2022-06-02T19:36:59 CDT" name="TestFacebookGenderRadioButtons" description="TC234: Validate Facebook gender radio buttons" finished-at="2022-06-02T19:37:06 CDT" duration-ms="7428" status="PASS">
          <reporter-output>
          </reporter-output>
        </test-method> <!-- TestFacebookGenderRadioButtons -->
        <test-method is-config="true" signature="teardown()[pri:0, instance:scripts._06_RadioButtonTest@587c290d]" started-at="2022-06-02T19:37:06 CDT" name="teardown" finished-at="2022-06-02T19:37:06 CDT" duration-ms="97" status="PASS">
          <reporter-output>
          </reporter-output>
        </test-method> <!-- teardown -->
      </class> <!-- scripts._06_RadioButtonTest -->
      <class name="scripts._01_AppleTest">
        <test-method is-config="true" signature="setup()[pri:0, instance:scripts._01_AppleTest@281e3708]" started-at="2022-06-02T19:36:36 CDT" name="setup" finished-at="2022-06-02T19:36:38 CDT" duration-ms="1667" status="PASS">
          <reporter-output>
          </reporter-output>
        </test-method> <!-- setup -->
        <test-method signature="testAppleURL()[pri:0, instance:scripts._01_AppleTest@281e3708]" started-at="2022-06-02T19:36:38 CDT" name="testAppleURL" finished-at="2022-06-02T19:36:39 CDT" duration-ms="762" status="PASS">
          <reporter-output>
          </reporter-output>
        </test-method> <!-- testAppleURL -->
        <test-method is-config="true" signature="teardown()[pri:0, instance:scripts._01_AppleTest@281e3708]" started-at="2022-06-02T19:36:39 CDT" name="teardown" finished-at="2022-06-02T19:36:39 CDT" duration-ms="100" status="PASS">
          <reporter-output>
          </reporter-output>
        </test-method> <!-- teardown -->
      </class> <!-- scripts._01_AppleTest -->
      <class name="scripts._04_GoogleSearchTest">
        <test-method is-config="true" signature="setup()[pri:0, instance:scripts._04_GoogleSearchTest@1f021e6c]" started-at="2022-06-02T19:36:43 CDT" name="setup" finished-at="2022-06-02T19:36:44 CDT" duration-ms="1028" status="PASS">
          <reporter-output>
          </reporter-output>
        </test-method> <!-- setup -->
        <test-method signature="testGoogleSearch()[pri:1, instance:scripts._04_GoogleSearchTest@1f021e6c]" started-at="2022-06-02T19:36:44 CDT" name="testGoogleSearch" description="TC765: Validate Google search" finished-at="2022-06-02T19:36:47 CDT" duration-ms="3703" status="PASS">
          <reporter-output>
          </reporter-output>
        </test-method> <!-- testGoogleSearch -->
        <test-method is-config="true" signature="teardown()[pri:0, instance:scripts._04_GoogleSearchTest@1f021e6c]" started-at="2022-06-02T19:36:47 CDT" name="teardown" finished-at="2022-06-02T19:36:48 CDT" duration-ms="95" status="PASS">
          <reporter-output>
          </reporter-output>
        </test-method> <!-- teardown -->
      </class> <!-- scripts._04_GoogleSearchTest -->
      <class name="scripts._05_CheckBoxTest">
        <test-method is-config="true" signature="setup()[pri:0, instance:scripts._05_CheckBoxTest@103f852]" started-at="2022-06-02T19:36:48 CDT" name="setup" finished-at="2022-06-02T19:36:49 CDT" duration-ms="1051" status="PASS">
          <reporter-output>
          </reporter-output>
        </test-method> <!-- setup -->
        <test-method signature="testCheckBoxInHeroApp()[pri:1, instance:scripts._05_CheckBoxTest@103f852]" started-at="2022-06-02T19:36:49 CDT" name="testCheckBoxInHeroApp" description="TC001: Validate checkbox in hero app" finished-at="2022-06-02T19:36:58 CDT" duration-ms="9168" status="PASS">
          <reporter-output>
          </reporter-output>
        </test-method> <!-- testCheckBoxInHeroApp -->
        <test-method is-config="true" signature="teardown()[pri:0, instance:scripts._05_CheckBoxTest@103f852]" started-at="2022-06-02T19:36:58 CDT" name="teardown" finished-at="2022-06-02T19:36:58 CDT" duration-ms="91" status="PASS">
          <reporter-output>
          </reporter-output>
        </test-method> <!-- teardown -->
      </class> <!-- scripts._05_CheckBoxTest -->
    </test> <!-- Non Critical Functionalities -->
  </suite> <!-- Regression -->
</testng-results>
