<?xml version="1.0" encoding="UTF-8"?>
<testsuite xmlns:xsi="http://www.w3.org/2001/XMLSchema-instance" xsi:schemaLocation="https://maven.apache.org/surefire/maven-surefire-plugin/xsd/surefire-test-report.xsd" name="TestSuite" time="19.8" tests="6" errors="0" skipped="0" failures="1">
  <properties>
[...]
</properties>
  <testcase name="testAppleTitle" classname="scripts._01_AppleTest" time="0.829"/>
  <testcase name="testApplicationFormHeading" classname="scripts._02_TechGlobalTest" time="0.764"/>
  <testcase name="testGoogleStoreLink" classname="scripts._04_GoogleSearchTest" time="0.859">
    <failure message="Cannot invoke &quot;org.openqa.selenium.WebElement.isDisplayed()&quot; because &quot;element&quot; is null" type="java.lang.NullPointerException">java.lang.NullPointerException: Cannot invoke "org.openqa.selenium.WebElement.isDisplayed()" because "element" is null
	at scripts._04_GoogleSearchTest.testGoogleStoreLink(_04_GoogleSearchTest.java:34)
</failure>
    <system-err><![CDATA[Starting ChromeDriver 101.0.4951.41 (93c720db8323b3ec10d056025ab95c23a31997c9-refs/branch-heads/4951@{#904}) on port 13787
Only local connections are allowed.
Please see https://chromedriver.chromium.org/security-considerations for suggestions on keeping ChromeDriver safe.
ChromeDriver was started successfully.
May 29, 2022 4:15:02 PM org.openqa.selenium.remote.ProtocolHandshake createSession
INFO: Detected dialect: W3C
]]></system-err>
  </testcase>
  <testcase name="testEtsyLogo" classname="scripts._03_EtsyTest" time="1.825"/>
  <testcase name="testEtsySearch" classname="scripts._03_EtsyTest" time="1.721"/>
  <testcase name="testEtsySearchResult" classname="scripts._03_EtsyTest" time="3.918"/>
</testsuite>